<?xml version="1.0" encoding="UTF-8"?>
<testng-results ignored="0" total="0" passed="0" failed="0" skipped="0">
  <reporter-output>
  </reporter-output>
  <suite started-at="2021-11-16T10:32:28 IST" name="Default suite" finished-at="2021-11-16T10:32:28 IST" duration-ms="527">
    <groups>
      <group name="cucumber">
        <method signature="AbstractTestNGCucumberTests.runScenario(io.cucumber.testng.PickleWrapper,io.cucumber.testng.FeatureWrapper)[pri:0, instance:com.prathap.phpproject.PHPRunner.phpRunner@1a18644]" name="runScenario" class="io.cucumber.testng.AbstractTestNGCucumberTests"/>
      </group> <!-- cucumber -->
    </groups>
    <test started-at="2021-11-16T10:32:28 IST" name="Default test" finished-at="2021-11-16T10:32:28 IST" duration-ms="527">
      <class name="com.prathap.phpproject.PHPRunner.phpRunner">
        <test-method is-config="true" signature="setUpClass()[pri:0, instance:com.prathap.phpproject.PHPRunner.phpRunner@1a18644]" started-at="2021-11-16T10:32:28 IST" name="setUpClass" finished-at="2021-11-16T10:32:28 IST" duration-ms="452" status="PASS">
          <reporter-output>
          </reporter-output>
        </test-method> <!-- setUpClass -->
        <test-method is-config="true" signature="tearDownClass()[pri:0, instance:com.prathap.phpproject.PHPRunner.phpRunner@1a18644]" started-at="2021-11-16T10:32:28 IST" name="tearDownClass" finished-at="2021-11-16T10:32:28 IST" duration-ms="23" status="PASS">
          <reporter-output>
          </reporter-output>
        </test-method> <!-- tearDownClass -->
      </class> <!-- com.prathap.phpproject.PHPRunner.phpRunner -->
    </test> <!-- Default test -->
  </suite> <!-- Default suite -->
</testng-results>
